
Welcome to Qwirkle!
-------------------
Menu
----
1. New Game
2. Load Game
3. Credits (Show student information) 
4. Quit 

> 
Enter the file name from which load a game
> 
DAVID, it's your turn
Score for DAVID: 135
Score for RIFF: 117

   0  1  2  3  4  5  6  7  8  9  10 11 12 13 14 15 16 17 18 19 20 21 22 23 24 25 
  -------------------------------------------------------------------------------
A |  |  |  |  |  |  |  |  |  |  |  |  |  |  |  |  |  |  |  |  |  |  |  |  |  |  |
B |  |  |  |  |  |  |  |  |  |  |  |  |  |  |  |  |  |  |  |  |  |  |  |  |  |  |
C |  |  |  |  |  |  |  |B6|  |  |  |  |  |  |  |  |  |  |  |  |  |  |  |  |  |  |
D |  |  |  |  |  |  |  |B5|  |  |  |  |  |  |  |  |  |  |  |  |  |  |  |  |  |  |
E |  |  |  |  |  |  |  |B3|  |  |  |  |O3|  |  |  |  |  |  |  |  |  |  |  |  |  |
F |  |  |  |  |  |  |  |B2|Y2|  |  |R3|B3|P3|Y3|O3|  |  |  |  |  |  |  |  |  |  |
G |  |  |  |  |  |  |  |B1|Y1|P1|  |R6|  |  |Y6|O6|G6|  |  |  |  |  |  |  |  |  |
H |  |  |  |  |  |  |  |  |Y4|P4|O4|R4|B4|  |  |  |G4|  |  |  |  |  |  |  |  |  |
I |  |  |  |  |  |  |  |  |  |  |  |R2|B2|P2|O2|  |G2|  |  |  |  |  |  |  |  |  |
J |  |  |  |  |  |  |  |  |  |G1|Y1|R1|B1|P1|O1|  |G1|  |Y5|  |  |  |  |  |  |  |
K |  |  |  |  |  |  |  |  |P6|G6|Y6|  |  |  |O5|B5|G5|P5|R5|  |  |  |  |  |  |  |
L |  |  |  |  |  |  |  |  |  |G2|Y2|  |  |  |O6|  |  |  |O5|  |  |  |  |  |  |  |
M |  |  |  |  |  |  |  |  |  |G5|Y5|  |  |  |  |  |  |  |  |  |  |  |  |  |  |  |
N |  |  |  |  |  |  |  |  |B4|G4|Y4|O4|R4|P4|  |  |  |  |  |  |  |  |  |  |  |  |
O |  |  |  |  |  |  |  |  |  |G3|Y3|  |R3|  |  |  |  |  |  |  |  |  |  |  |  |  |
P |  |  |  |  |  |  |  |  |  |  |  |  |R5|  |  |  |  |  |  |  |  |  |  |  |  |  |
Q |  |  |  |  |  |  |  |  |  |  |  |  |R2|  |  |  |  |  |  |  |  |  |  |  |  |  |
R |  |  |  |  |  |  |  |  |  |  |  |  |R1|  |  |  |  |  |  |  |  |  |  |  |  |  |
S |  |  |  |  |  |  |  |  |  |  |  |  |R6|P6|  |  |  |  |  |  |  |  |  |  |  |  |
T |  |  |  |  |  |  |  |  |  |  |  |  |  |P5|  |  |  |  |  |  |  |  |  |  |  |  |
U |  |  |  |  |  |  |  |  |  |  |  |  |  |P3|G3|  |  |  |  |  |  |  |  |  |  |  |
V |  |  |  |  |  |  |  |  |  |  |  |  |O2|P2|  |  |  |  |  |  |  |  |  |  |  |  |
W |  |  |  |  |  |  |  |  |  |  |  |  |  |  |  |  |  |  |  |  |  |  |  |  |  |  |
X |  |  |  |  |  |  |  |  |  |  |  |  |  |  |  |  |  |  |  |  |  |  |  |  |  |  |
Y |  |  |  |  |  |  |  |  |  |  |  |  |  |  |  |  |  |  |  |  |  |  |  |  |  |  |
Z |  |  |  |  |  |  |  |  |  |  |  |  |  |  |  |  |  |  |  |  |  |  |  |  |  |  |
 
Your hand is
O1
TileBag size: 0

> Game over 
Score for DAVID: 137
Score for RIFF: 117
Player DAVID won!

Goodbye 

Not a Valid Choice. 
Choose again.


Welcome to Qwirkle!
-------------------
Menu
----
1. New Game
2. Load Game
3. Credits (Show student information) 
4. Quit 

> 
Goodbye 
