
Welcome to Qwirkle!
-------------------
Menu
----
1. New Game
2. Load Game
3. Credits (Show student information) 
4. Quit 

> 
Enter the file name from which load a game
> 
DAVID, it's your turn
Score for DAVID: 49
Score for RIFF: 37

   0  1  2  3  4  5  6  7  8  9  10 11 12 13 14 15 16 17 18 19 20 21 22 23 24 25 
  -------------------------------------------------------------------------------
A |  |  |  |  |  |  |  |  |  |  |  |  |  |  |  |  |  |  |  |  |  |  |  |  |  |  |
B |  |  |  |  |  |  |  |  |  |  |  |  |  |  |  |  |  |  |  |  |  |  |  |  |  |  |
C |  |  |  |  |  |  |  |  |  |  |  |  |  |  |  |  |  |  |  |  |  |  |  |  |  |  |
D |  |  |  |  |  |  |  |  |  |  |  |  |  |  |  |  |  |  |  |  |  |  |  |  |  |  |
E |  |  |  |  |  |  |  |  |  |  |  |  |  |  |  |  |  |  |  |  |  |  |  |  |  |  |
F |  |  |  |  |  |  |  |  |  |  |  |  |  |  |  |  |  |  |  |  |  |  |  |  |  |  |
G |  |  |  |  |  |  |  |  |Y1|  |  |R6|  |  |  |  |  |  |  |  |  |  |  |  |  |  |
H |  |  |  |  |  |  |  |  |Y4|P4|O4|R4|  |  |  |  |  |  |  |  |  |  |  |  |  |  |
I |  |  |  |  |  |  |  |  |  |  |  |R2|B2|  |  |  |  |  |  |  |  |  |  |  |  |  |
J |  |  |  |  |  |  |  |  |  |G1|Y1|R1|B1|P1|O1|  |  |  |  |  |  |  |  |  |  |  |
K |  |  |  |  |  |  |  |  |P6|G6|Y6|  |  |  |  |  |  |  |  |  |  |  |  |  |  |  |
L |  |  |  |  |  |  |  |  |  |G2|Y2|  |  |  |  |  |  |  |  |  |  |  |  |  |  |  |
M |  |  |  |  |  |  |  |  |  |G5|Y5|  |  |  |  |  |  |  |  |  |  |  |  |  |  |  |
N |  |  |  |  |  |  |  |  |  |G4|Y4|O4|R4|  |  |  |  |  |  |  |  |  |  |  |  |  |
O |  |  |  |  |  |  |  |  |  |  |  |  |  |  |  |  |  |  |  |  |  |  |  |  |  |  |
P |  |  |  |  |  |  |  |  |  |  |  |  |  |  |  |  |  |  |  |  |  |  |  |  |  |  |
Q |  |  |  |  |  |  |  |  |  |  |  |  |  |  |  |  |  |  |  |  |  |  |  |  |  |  |
R |  |  |  |  |  |  |  |  |  |  |  |  |  |  |  |  |  |  |  |  |  |  |  |  |  |  |
S |  |  |  |  |  |  |  |  |  |  |  |  |  |  |  |  |  |  |  |  |  |  |  |  |  |  |
T |  |  |  |  |  |  |  |  |  |  |  |  |  |  |  |  |  |  |  |  |  |  |  |  |  |  |
U |  |  |  |  |  |  |  |  |  |  |  |  |  |  |  |  |  |  |  |  |  |  |  |  |  |  |
V |  |  |  |  |  |  |  |  |  |  |  |  |  |  |  |  |  |  |  |  |  |  |  |  |  |  |
W |  |  |  |  |  |  |  |  |  |  |  |  |  |  |  |  |  |  |  |  |  |  |  |  |  |  |
X |  |  |  |  |  |  |  |  |  |  |  |  |  |  |  |  |  |  |  |  |  |  |  |  |  |  |
Y |  |  |  |  |  |  |  |  |  |  |  |  |  |  |  |  |  |  |  |  |  |  |  |  |  |  |
Z |  |  |  |  |  |  |  |  |  |  |  |  |  |  |  |  |  |  |  |  |  |  |  |  |  |  |
 
Your hand is
O6,Y2,G5,O2,P1,R3
TileBag size: 35

> 
RIFF, it's your turn
Score for DAVID: 54
Score for RIFF: 37

   0  1  2  3  4  5  6  7  8  9  10 11 12 13 14 15 16 17 18 19 20 21 22 23 24 25 
  -------------------------------------------------------------------------------
A |  |  |  |  |  |  |  |  |  |  |  |  |  |  |  |  |  |  |  |  |  |  |  |  |  |  |
B |  |  |  |  |  |  |  |  |  |  |  |  |  |  |  |  |  |  |  |  |  |  |  |  |  |  |
C |  |  |  |  |  |  |  |  |  |  |  |  |  |  |  |  |  |  |  |  |  |  |  |  |  |  |
D |  |  |  |  |  |  |  |  |  |  |  |  |  |  |  |  |  |  |  |  |  |  |  |  |  |  |
E |  |  |  |  |  |  |  |  |  |  |  |  |  |  |  |  |  |  |  |  |  |  |  |  |  |  |
F |  |  |  |  |  |  |  |  |  |  |  |R3|  |  |  |  |  |  |  |  |  |  |  |  |  |  |
G |  |  |  |  |  |  |  |  |Y1|  |  |R6|  |  |  |  |  |  |  |  |  |  |  |  |  |  |
H |  |  |  |  |  |  |  |  |Y4|P4|O4|R4|  |  |  |  |  |  |  |  |  |  |  |  |  |  |
I |  |  |  |  |  |  |  |  |  |  |  |R2|B2|  |  |  |  |  |  |  |  |  |  |  |  |  |
J |  |  |  |  |  |  |  |  |  |G1|Y1|R1|B1|P1|O1|  |  |  |  |  |  |  |  |  |  |  |
K |  |  |  |  |  |  |  |  |P6|G6|Y6|  |  |  |  |  |  |  |  |  |  |  |  |  |  |  |
L |  |  |  |  |  |  |  |  |  |G2|Y2|  |  |  |  |  |  |  |  |  |  |  |  |  |  |  |
M |  |  |  |  |  |  |  |  |  |G5|Y5|  |  |  |  |  |  |  |  |  |  |  |  |  |  |  |
N |  |  |  |  |  |  |  |  |  |G4|Y4|O4|R4|  |  |  |  |  |  |  |  |  |  |  |  |  |
O |  |  |  |  |  |  |  |  |  |  |  |  |  |  |  |  |  |  |  |  |  |  |  |  |  |  |
P |  |  |  |  |  |  |  |  |  |  |  |  |  |  |  |  |  |  |  |  |  |  |  |  |  |  |
Q |  |  |  |  |  |  |  |  |  |  |  |  |  |  |  |  |  |  |  |  |  |  |  |  |  |  |
R |  |  |  |  |  |  |  |  |  |  |  |  |  |  |  |  |  |  |  |  |  |  |  |  |  |  |
S |  |  |  |  |  |  |  |  |  |  |  |  |  |  |  |  |  |  |  |  |  |  |  |  |  |  |
T |  |  |  |  |  |  |  |  |  |  |  |  |  |  |  |  |  |  |  |  |  |  |  |  |  |  |
U |  |  |  |  |  |  |  |  |  |  |  |  |  |  |  |  |  |  |  |  |  |  |  |  |  |  |
V |  |  |  |  |  |  |  |  |  |  |  |  |  |  |  |  |  |  |  |  |  |  |  |  |  |  |
W |  |  |  |  |  |  |  |  |  |  |  |  |  |  |  |  |  |  |  |  |  |  |  |  |  |  |
X |  |  |  |  |  |  |  |  |  |  |  |  |  |  |  |  |  |  |  |  |  |  |  |  |  |  |
Y |  |  |  |  |  |  |  |  |  |  |  |  |  |  |  |  |  |  |  |  |  |  |  |  |  |  |
Z |  |  |  |  |  |  |  |  |  |  |  |  |  |  |  |  |  |  |  |  |  |  |  |  |  |  |
 
Your hand is
B3,O5,B1,G6,Y6,G2
TileBag size: 34

> 
Goodbye 
